<?xml version="1.0" encoding="UTF-8"?>
<!-- Generated by org.testng.reporters.JUnitReportReporter -->
<testsuite hostname="DESKTOP-K8MJLJD" failures="0" tests="2" name="com.webDriver.crossBrowser" time="5.653" errors="0" timestamp="2023-07-21T03:52:09 GMT-07:00" skipped="0">
  <testcase classname="com.webDriver.crossBrowser" name="CreateChrome" time="2.813"/>
  <testcase classname="com.webDriver.crossBrowser" name="CreateFireFox" time="2.840"/>
</testsuite> <!-- com.webDriver.crossBrowser -->
